--- mem check --- 1751159511.842237
 * Serving Flask app 'services.app.app'
 * Debug mode: off
function         11940    +11940
tuple             8384     +8384
dict              5657     +5657
list              3252     +3252
ReferenceType     2949     +2949
Top object types (absolute counts):
function             11940
tuple                8393
dict                 5666
list                 3263
ReferenceType        2949
--- mem check --- 1751159542.057737
tuple             8631      +247
_ScopedIP          336      +148
DNSLabel           116      +116
ReferenceType     3000       +51
Pattern            166       +46
Top object types (absolute counts):
function             11956
tuple                8634
dict                 5431
list                 3277
ReferenceType        3000
